2024-12-06 20:51:11,101 - INFO - 开始处理用户 36072520040601081X 的签到...
2024-12-06 20:51:11,102 - INFO - 开始登录...
2024-12-06 20:51:11,358 - INFO - 登录响应状态码: 200
2024-12-06 20:51:11,359 - INFO - 登录响应内容: {"msg":"操作成功","code":200,"token":"eyJhbGciOiJIUzUxMiJ9.eyJsb2dpbl91c2VyX2lkX2tleSI6IjdiZTYwYTU5NTFlYTQ4YThiZDUwNDMyMzhlMTU4ZDE1IiwibG9naW5fdXNlcl9rZXkiOiIxMjkyNGM2Zi04NmMzLTQzNzYtOTdiOS1lNDZmNGU2YmNmNjgifQ.Ji0SDxl0AyDgY3CQ85EqWK-mvTt3YsByBKmrCs1RrBt9u1vXna_bAy7Gc1WjbP6O8L69DJHO6R_sl0HUjyHCfg"}
2024-12-06 20:51:11,360 - INFO - 登录成功！
2024-12-06 20:51:11,361 - INFO - 开始获取用户信息...
2024-12-06 20:51:14,564 - INFO - API响应状态码: 200
2024-12-06 20:51:14,565 - INFO - API完整响应: {"code":200,"msg":"请求成功","data":{"autonomyPlan":{"searchValue":null,"createBy":"7be60a5951ea48a8bd5043238e158d15","createTime":"2024-11-29 11:40:40","updateBy":"","updateTime":"2024-12-02 00:00:02","remark":null,"params":{},"id":"89df1cf5db04ffaec1d72d2690f4a5df","planNo":"ZZJH46119刘明龙自主实习申请20241129","userId":"7be60a5951ea48a8bd5043238e158d15","nickName":"刘明龙","enterpriseId":"ed3a92a0-ca04-4961-bee3-2bda44e2dc13","enterpriseName":"江西莱美源环保科技有限公司","enterpriseCode":"91360421MA3984RW91","postName":"软件开发","beginTime":"2024-12-02","endTime":"2025-06-08","salary":"3000","enterpriseContacts":"闻熠","enterpriseContactsPhone":"15079291296","practicePlace":"岷山林场二分场116号","threeFilePath":"","parentAgreeFile":"","otherFile":"","applyStatus":"1","approveUserId":"089fffce32cb410281aa5b05ff5b1886","approveUserName":"吴美洪","opinion":"","isFinish":"0","practiceStatus":"1","realEndTime":null,"isJoinPractice":"1","companyId":"1790291951157874689","collegeId":"1795296065936809985","counsellorId":"8e6901c15418895869de8aa10beb696f","counsellorName":"汪卉","isBindExam":"0","score":null,"finishScore":"0","isImportExcel":"0","province":"36","city":"3604","area":"360404","finishReason":"","hasDispute":"0","applyUserAvatar":null,"approveUserAvatar":null,"approveUserList":null,"threeFilePathList":null,"threeFileObjList":null,"parentAgreeFileObjList":null,"otherFileObjList":null,"approveUser":null,"applyUser":null,"gradeName":null,"schoolName":null,"schoolType":null,"collegeName":null,"majorName":null,"studentInfo":null,"idList":null,"planExams":null,"bindExamIdList":null,"yearName":null,"reportList":null,"studentCardNo":null,"studentNo":null,"classId":null,"majorCode":null,"practiceProject":null,"workTime":null,"payType":null,"payTime":null,"keywordInfo":null,"apply":false}}}
2024-12-06 20:51:14,569 - INFO - 用户信息获取成功: {'autonomyId': '89df1cf5db04ffaec1d72d2690f4a5df', 'userId': '7be60a5951ea48a8bd5043238e158d15', 'nickName': '刘明龙', 'clockAddress': '岷山林场二分场116号'}
2024-12-06 20:51:14,569 - INFO - 成功获取用户信息: {'autonomyId': '89df1cf5db04ffaec1d72d2690f4a5df', 'userId': '7be60a5951ea48a8bd5043238e158d15', 'nickName': '刘明龙', 'clockAddress': '岷山林场二分场116号'}
2024-12-06 20:51:14,570 - INFO - 开始上传图片...
2024-12-06 20:51:15,056 - INFO - 图片上传响应状态码: 200
2024-12-06 20:51:15,057 - INFO - 图片上传响应内容: {"msg":"上传失败，请重新上传","code":500}
2024-12-06 20:51:15,057 - ERROR - 图片上传失败: 上传失败，请重新上传
2024-12-06 20:51:15,059 - ERROR - 用户 36072520040601081X 图片上传失败，无法完成签到
2024-12-06 20:51:15,059 - INFO - 开始处理用户 362531200403285111 的签到...
2024-12-06 20:51:15,060 - INFO - 开始登录...
2024-12-06 20:51:15,223 - INFO - 登录响应状态码: 200
2024-12-06 20:51:15,223 - INFO - 登录响应内容: {"msg":"操作成功","code":200,"token":"eyJhbGciOiJIUzUxMiJ9.eyJsb2dpbl91c2VyX2lkX2tleSI6IjhjMmM4MTI5NzZmNzQzZTc4Nzg2MWM0MTQxYThhOTFhIiwibG9naW5fdXNlcl9rZXkiOiJiOGI2ZjI4MC0yYWYxLTQ1YTktYWNjZi1mNmE1Mzk5ZjA2MDEifQ.C1-KmIsXykzB9YAoWisC1SUAy9vqwp0srg66ofAcRJV9L92bvNJIYw7IANmo4TUmqhDWySBNQTZlW3gD1lotEg"}
2024-12-06 20:51:15,224 - INFO - 登录成功！
2024-12-06 20:51:15,224 - INFO - 开始获取用户信息...
2024-12-06 20:51:15,859 - INFO - API响应状态码: 200
2024-12-06 20:51:15,860 - INFO - API完整响应: {"code":200,"msg":"请求成功","data":{"autonomyPlan":{"searchValue":null,"createBy":"8c2c812976f743e787861c4141a8a91a","createTime":"2024-12-01 18:31:59","updateBy":"","updateTime":"2024-12-02 00:00:08","remark":null,"params":{},"id":"9fac3ba1b465ac7b674b5f092affabbd","planNo":"ZZJH68997饶昊宇自主实习申请20241201","userId":"8c2c812976f743e787861c4141a8a91a","nickName":"饶昊宇","enterpriseId":"c5bcb818-5707-4891-bad0-0f360f374859","enterpriseName":"江西贝特加贸易有限公司","enterpriseCode":"913604023092019941","postName":"办公自动化处理","beginTime":"2024-12-02","endTime":"2025-06-08","salary":"3500","enterpriseContacts":"王振勋","enterpriseContactsPhone":"13979223322","practicePlace":"九江市浔阳区长江大道1649号创业孵化基地江西贝特加贸易有限公司","threeFilePath":"","parentAgreeFile":"","otherFile":"","applyStatus":"1","approveUserId":"df9e887cb3fa4326bf4ed213c7c40093","approveUserName":"熊键","opinion":"","isFinish":"0","practiceStatus":"1","realEndTime":null,"isJoinPractice":"1","companyId":"1790291951157874689","collegeId":"1795296065936809985","counsellorId":"9ae1e0c34a9d4682af100e30687baf58","counsellorName":"陆青","isBindExam":"0","score":null,"finishScore":"0","isImportExcel":"0","province":"36","city":"3604","area":"360402","finishReason":"","hasDispute":"0","applyUserAvatar":null,"approveUserAvatar":null,"approveUserList":null,"threeFilePathList":null,"threeFileObjList":null,"parentAgreeFileObjList":null,"otherFileObjList":null,"approveUser":null,"applyUser":null,"gradeName":null,"schoolName":null,"schoolType":null,"collegeName":null,"majorName":null,"studentInfo":null,"idList":null,"planExams":null,"bindExamIdList":null,"yearName":null,"reportList":null,"studentCardNo":null,"studentNo":null,"classId":null,"majorCode":null,"practiceProject":null,"workTime":null,"payType":null,"payTime":null,"keywordInfo":null,"apply":false}}}
2024-12-06 20:51:15,864 - INFO - 用户信息获取成功: {'autonomyId': '9fac3ba1b465ac7b674b5f092affabbd', 'userId': '8c2c812976f743e787861c4141a8a91a', 'nickName': '饶昊宇', 'clockAddress': '九江市浔阳区长江大道1649号创业孵化基地江西贝特加贸易有限公司'}
2024-12-06 20:51:15,865 - INFO - 成功获取用户信息: {'autonomyId': '9fac3ba1b465ac7b674b5f092affabbd', 'userId': '8c2c812976f743e787861c4141a8a91a', 'nickName': '饶昊宇', 'clockAddress': '九江市浔阳区长江大道1649号创业孵化基地江西贝特加贸易有限公司'}
2024-12-06 20:51:15,866 - INFO - 开始上传图片...
2024-12-06 20:51:16,236 - INFO - 图片上传响应状态码: 200
2024-12-06 20:51:16,237 - INFO - 图片上传响应内容: {"msg":"上传失败，请重新上传","code":500}
2024-12-06 20:51:16,237 - ERROR - 图片上传失败: 上传失败，请重新上传
2024-12-06 20:51:16,238 - ERROR - 用户 362531200403285111 图片上传失败，无法完成签到
